Using pre-set license
Built from '2020.3/staging' branch; Version is '2020.3.16f1 (049d6eca3c44) revision 302446'; Using compiler version '192528614'; Build Type 'Release'
OS: 'Windows 10 Home; OS build 19042.1237; Version 2009; 64bit' Language: 'en' Physical Memory: 7962 MB
BatchMode: 1, IsHumanControllingUs: 0, StartBugReporterOnCrash: 0, Is64bit: 1, IsPro: 0

 COMMAND LINE ARGUMENTS:
C:\Program Files\Unity\Hub\Editor\2020.3.16f1\Editor\Unity.exe
-adb2
-batchMode
-noUpm
-name
AssetImportWorker0
-projectPath
C:/Users/mikey/OneDrive/Desktop/Computer As A Medium/Tutorial1.5
-logFile
Logs/AssetImportWorker0.log
-srvPort
54981
Successfully changed project path to: C:/Users/mikey/OneDrive/Desktop/Computer As A Medium/Tutorial1.5
C:/Users/mikey/OneDrive/Desktop/Computer As A Medium/Tutorial1.5
Using Asset Import Pipeline V2.
Refreshing native plugins compatible for Editor in 43.06 ms, found 3 plugins.
Preloading 0 native plugins for Editor in 0.00 ms.
Initialize engine version: 2020.3.16f1 (049d6eca3c44)
[Subsystems] Discovering subsystems at path C:/Program Files/Unity/Hub/Editor/2020.3.16f1/Editor/Data/Resources/UnitySubsystems
[Subsystems] Discovering subsystems at path C:/Users/mikey/OneDrive/Desktop/Computer As A Medium/Tutorial1.5/Assets
GfxDevice: creating device client; threaded=0
Direct3D:
    Version:  Direct3D 11.0 [level 11.1]
    Renderer: NVIDIA GeForce GTX 1660 Ti with Max-Q Design (ID=0x2191)
    Vendor:   
    VRAM:     5991 MB
    Driver:   27.21.14.6280
Initialize mono
Mono path[0] = 'C:/Program Files/Unity/Hub/Editor/2020.3.16f1/Editor/Data/Managed'
Mono path[1] = 'C:/Program Files/Unity/Hub/Editor/2020.3.16f1/Editor/Data/MonoBleedingEdge/lib/mono/unityjit'
Mono config path = 'C:/Program Files/Unity/Hub/Editor/2020.3.16f1/Editor/Data/MonoBleedingEdge/etc'
Using monoOptions --debugger-agent=transport=dt_socket,embedding=1,server=y,suspend=n,address=127.0.0.1:56992
Begin MonoManager ReloadAssembly
Registering precompiled unity dll's ...
Register platform support module: C:/Program Files/Unity/Hub/Editor/2020.3.16f1/Editor/Data/PlaybackEngines/WindowsStandaloneSupport/UnityEditor.WindowsStandalone.Extensions.dll
Registered in 0.010235 seconds.
Native extension for WindowsStandalone target not found
Refreshing native plugins compatible for Editor in 86.40 ms, found 3 plugins.
Preloading 0 native plugins for Editor in 0.00 ms.
Mono: successfully reloaded assembly
- Completed reload, in  4.532 seconds
Domain Reload Profiling:
	ReloadAssembly (4532ms)
		BeginReloadAssembly (57ms)
			ExecutionOrderSort (0ms)
			DisableScriptedObjects (0ms)
			BackupInstance (0ms)
			ReleaseScriptingObjects (0ms)
			CreateAndSetChildDomain (1ms)
		EndReloadAssembly (1098ms)
			LoadAssemblies (57ms)
			RebuildTransferFunctionScriptingTraits (0ms)
			SetupTypeCache (483ms)
			ReleaseScriptCaches (0ms)
			RebuildScriptCaches (69ms)
			SetupLoadedEditorAssemblies (350ms)
				LogAssemblyErrors (0ms)
				InitializePlatformSupportModulesInManaged (6ms)
				SetLoadedEditorAssemblies (0ms)
				RefreshPlugins (86ms)
				BeforeProcessingInitializeOnLoad (21ms)
				ProcessInitializeOnLoadAttributes (176ms)
				ProcessInitializeOnLoadMethodAttributes (60ms)
				AfterProcessingInitializeOnLoad (0ms)
				EditorAssembliesLoaded (0ms)
			ExecutionOrderSort2 (0ms)
			AwakeInstancesAfterBackupRestoration (0ms)
Platform modules already initialized, skipping
Registering precompiled user dll's ...
Registered in 0.012856 seconds.
Begin MonoManager ReloadAssembly
Native extension for WindowsStandalone target not found
Refreshing native plugins compatible for Editor in 63.86 ms, found 3 plugins.
Preloading 0 native plugins for Editor in 0.00 ms.
Mono: successfully reloaded assembly
- Completed reload, in  1.703 seconds
Domain Reload Profiling:
	ReloadAssembly (1703ms)
		BeginReloadAssembly (239ms)
			ExecutionOrderSort (0ms)
			DisableScriptedObjects (7ms)
			BackupInstance (0ms)
			ReleaseScriptingObjects (0ms)
			CreateAndSetChildDomain (30ms)
		EndReloadAssembly (1369ms)
			LoadAssemblies (167ms)
			RebuildTransferFunctionScriptingTraits (0ms)
			SetupTypeCache (511ms)
			ReleaseScriptCaches (1ms)
			RebuildScriptCaches (73ms)
			SetupLoadedEditorAssemblies (456ms)
				LogAssemblyErrors (0ms)
				InitializePlatformSupportModulesInManaged (6ms)
				SetLoadedEditorAssemblies (0ms)
				RefreshPlugins (64ms)
				BeforeProcessingInitializeOnLoad (94ms)
				ProcessInitializeOnLoadAttributes (271ms)
				ProcessInitializeOnLoadMethodAttributes (15ms)
				AfterProcessingInitializeOnLoad (7ms)
				EditorAssembliesLoaded (0ms)
			ExecutionOrderSort2 (0ms)
			AwakeInstancesAfterBackupRestoration (6ms)
Platform modules already initialized, skipping
========================================================================
Worker process is ready to serve import requests
Launched and connected shader compiler UnityShaderCompiler.exe after 0.05 seconds
Refreshing native plugins compatible for Editor in 0.41 ms, found 3 plugins.
Preloading 0 native plugins for Editor in 0.00 ms.
Unloading 2092 Unused Serialized files (Serialized files now loaded: 0)
System memory in use before: 93.1 MB.
System memory in use after: 93.1 MB.

Unloading 28 unused Assets to reduce memory usage. Loaded Objects now: 2529.
Total: 2.741300 ms (FindLiveObjects: 0.196900 ms CreateObjectMapping: 0.081700 ms MarkObjects: 2.403500 ms  DeleteObjects: 0.058200 ms)

AssetImportParameters requested are different than current active one (requested -> active):
  custom:framework-win-MediaFoundation: 216162199b28c13a410421893ffa2e32 -> 
  custom:video-decoder-ogg-theora: a1e56fd34408186e4bbccfd4996cb3dc -> 
  custom:container-muxer-webm: aa71ff27fc2769a1b78a27578f13a17b -> 
  custom:container-demuxer-webm: 4f35f7cbe854078d1ac9338744f61a02 -> 
  custom:container-demuxer-ogg: 62fdf1f143b41e24485cea50d1cbac27 -> 
  custom:video-encoder-webm-vp8: eb34c28f22e8b96e1ab97ce403110664 -> 
  custom:video-codec-MediaFoundation-h265: 746d11721c4dcdbdad8f713fa42b33f4 -> 
  custom:video-decoder-webm-vp8: 9c59270c3fd7afecdb556c50c9e8de78 -> 
  custom:audio-decoder-ogg-vorbis: bf7c407c2cedff20999df2af8eb42d56 -> 
  custom:audio-encoder-webm-vorbis: bf7c407c2cedff20999df2af8eb42d56 -> 
========================================================================
Received Import Request.
  path: Assets/SoundScript.cs
  artifactKey: Guid(26f1ff35e9807764caf543badc73e262) Importer(815301076,1909f56bfc062723c751e8b465ee728b)
Start importing Assets/SoundScript.cs using Guid(26f1ff35e9807764caf543badc73e262) Importer(815301076,1909f56bfc062723c751e8b465ee728b)  -> (artifact id: '846a0d5949284ebb8719524f7eaf56bd') in 0.021533 seconds 
  Import took 0.027116 seconds .

========================================================================
Received Prepare
Registering precompiled user dll's ...
Registered in 0.030165 seconds.
Begin MonoManager ReloadAssembly
Native extension for WindowsStandalone target not found
Refreshing native plugins compatible for Editor in 0.76 ms, found 3 plugins.
Preloading 0 native plugins for Editor in 0.00 ms.
Mono: successfully reloaded assembly
- Completed reload, in  2.407 seconds
Domain Reload Profiling:
	ReloadAssembly (2411ms)
		BeginReloadAssembly (392ms)
			ExecutionOrderSort (0ms)
			DisableScriptedObjects (42ms)
			BackupInstance (0ms)
			ReleaseScriptingObjects (0ms)
			CreateAndSetChildDomain (137ms)
		EndReloadAssembly (1836ms)
			LoadAssemblies (260ms)
			RebuildTransferFunctionScriptingTraits (0ms)
			SetupTypeCache (568ms)
			ReleaseScriptCaches (2ms)
			RebuildScriptCaches (82ms)
			SetupLoadedEditorAssemblies (758ms)
				LogAssemblyErrors (0ms)
				InitializePlatformSupportModulesInManaged (12ms)
				SetLoadedEditorAssemblies (1ms)
				RefreshPlugins (1ms)
				BeforeProcessingInitializeOnLoad (211ms)
				ProcessInitializeOnLoadAttributes (505ms)
				ProcessInitializeOnLoadMethodAttributes (12ms)
				AfterProcessingInitializeOnLoad (16ms)
				EditorAssembliesLoaded (0ms)
			ExecutionOrderSort2 (0ms)
			AwakeInstancesAfterBackupRestoration (23ms)
Platform modules already initialized, skipping
Refreshing native plugins compatible for Editor in 0.74 ms, found 3 plugins.
Preloading 0 native plugins for Editor in 0.00 ms.
Unloading 2082 Unused Serialized files (Serialized files now loaded: 0)
System memory in use before: 92.5 MB.
System memory in use after: 92.6 MB.

Unloading 16 unused Assets to reduce memory usage. Loaded Objects now: 2532.
Total: 5.712000 ms (FindLiveObjects: 0.440900 ms CreateObjectMapping: 0.207300 ms MarkObjects: 4.965500 ms  DeleteObjects: 0.096100 ms)

AssetImportParameters requested are different than current active one (requested -> active):
  custom:framework-win-MediaFoundation: 216162199b28c13a410421893ffa2e32 -> 
  custom:video-decoder-ogg-theora: a1e56fd34408186e4bbccfd4996cb3dc -> 
  custom:container-muxer-webm: aa71ff27fc2769a1b78a27578f13a17b -> 
  custom:container-demuxer-webm: 4f35f7cbe854078d1ac9338744f61a02 -> 
  custom:container-demuxer-ogg: 62fdf1f143b41e24485cea50d1cbac27 -> 
  custom:video-encoder-webm-vp8: eb34c28f22e8b96e1ab97ce403110664 -> 
  custom:video-codec-MediaFoundation-h265: 746d11721c4dcdbdad8f713fa42b33f4 -> 
  custom:video-decoder-webm-vp8: 9c59270c3fd7afecdb556c50c9e8de78 -> 
  custom:audio-decoder-ogg-vorbis: bf7c407c2cedff20999df2af8eb42d56 -> 
  custom:audio-encoder-webm-vorbis: bf7c407c2cedff20999df2af8eb42d56 -> 
========================================================================
Received Import Request.
  Time since last request: 3875.178465 seconds.
  path: Assets/SoundScript.cs
  artifactKey: Guid(26f1ff35e9807764caf543badc73e262) Importer(815301076,1909f56bfc062723c751e8b465ee728b)
Start importing Assets/SoundScript.cs using Guid(26f1ff35e9807764caf543badc73e262) Importer(815301076,1909f56bfc062723c751e8b465ee728b)  -> (artifact id: '00000000000000000000000000000000') in 0.002281 seconds  code(4) message(Build asset version error: assets/soundscript.cs in SourceAssetDB has modification time of '2021-10-03T18:11:58.9794271Z' while content on disk has modification time of '2021-10-03T18:13:31.9951103Z')
  ERROR: Build asset version error: assets/soundscript.cs in SourceAssetDB has modification time of '2021-10-03T18:11:58.9794271Z' while content on disk has modification time of '2021-10-03T18:13:31.9951103Z'
  Import took 0.008360 seconds .

========================================================================
Received Import Request.
  Time since last request: 0.142689 seconds.
  path: Assets/SoundScript.cs
  artifactKey: Guid(26f1ff35e9807764caf543badc73e262) Importer(815301076,1909f56bfc062723c751e8b465ee728b)
Start importing Assets/SoundScript.cs using Guid(26f1ff35e9807764caf543badc73e262) Importer(815301076,1909f56bfc062723c751e8b465ee728b)  -> (artifact id: '00000000000000000000000000000000') in 0.000615 seconds  code(4) message(Build asset version error: assets/soundscript.cs in SourceAssetDB has modification time of '2021-10-03T18:11:58.9794271Z' while content on disk has modification time of '2021-10-03T18:13:31.9951103Z')
  ERROR: Build asset version error: assets/soundscript.cs in SourceAssetDB has modification time of '2021-10-03T18:11:58.9794271Z' while content on disk has modification time of '2021-10-03T18:13:31.9951103Z'
  Import took 0.006416 seconds .

========================================================================
Received Import Request.
  Time since last request: 0.040844 seconds.
  path: Assets/SoundScript.cs
  artifactKey: Guid(26f1ff35e9807764caf543badc73e262) Importer(815301076,1909f56bfc062723c751e8b465ee728b)
Start importing Assets/SoundScript.cs using Guid(26f1ff35e9807764caf543badc73e262) Importer(815301076,1909f56bfc062723c751e8b465ee728b)  -> (artifact id: '00000000000000000000000000000000') in 0.000597 seconds  code(4) message(Build asset version error: assets/soundscript.cs in SourceAssetDB has modification time of '2021-10-03T18:11:58.9794271Z' while content on disk has modification time of '2021-10-03T18:13:31.9951103Z')
  ERROR: Build asset version error: assets/soundscript.cs in SourceAssetDB has modification time of '2021-10-03T18:11:58.9794271Z' while content on disk has modification time of '2021-10-03T18:13:31.9951103Z'
  Import took 0.006802 seconds .

========================================================================
Received Import Request.
  Time since last request: 0.037186 seconds.
  path: Assets/SoundScript.cs
  artifactKey: Guid(26f1ff35e9807764caf543badc73e262) Importer(815301076,1909f56bfc062723c751e8b465ee728b)
Start importing Assets/SoundScript.cs using Guid(26f1ff35e9807764caf543badc73e262) Importer(815301076,1909f56bfc062723c751e8b465ee728b)  -> (artifact id: '00000000000000000000000000000000') in 0.000640 seconds  code(4) message(Build asset version error: assets/soundscript.cs in SourceAssetDB has modification time of '2021-10-03T18:11:58.9794271Z' while content on disk has modification time of '2021-10-03T18:13:31.9951103Z')
  ERROR: Build asset version error: assets/soundscript.cs in SourceAssetDB has modification time of '2021-10-03T18:11:58.9794271Z' while content on disk has modification time of '2021-10-03T18:13:31.9951103Z'
  Import took 0.007972 seconds .

========================================================================
Received Import Request.
  Time since last request: 0.049879 seconds.
  path: Assets/SoundScript.cs
  artifactKey: Guid(26f1ff35e9807764caf543badc73e262) Importer(815301076,1909f56bfc062723c751e8b465ee728b)
Start importing Assets/SoundScript.cs using Guid(26f1ff35e9807764caf543badc73e262) Importer(815301076,1909f56bfc062723c751e8b465ee728b)  -> (artifact id: '00000000000000000000000000000000') in 0.000918 seconds  code(4) message(Build asset version error: assets/soundscript.cs in SourceAssetDB has modification time of '2021-10-03T18:11:58.9794271Z' while content on disk has modification time of '2021-10-03T18:13:31.9951103Z')
  ERROR: Build asset version error: assets/soundscript.cs in SourceAssetDB has modification time of '2021-10-03T18:11:58.9794271Z' while content on disk has modification time of '2021-10-03T18:13:31.9951103Z'
  Import took 0.011039 seconds .

========================================================================
Received Import Request.
  Time since last request: 0.149764 seconds.
  path: Assets/SoundScript.cs
  artifactKey: Guid(26f1ff35e9807764caf543badc73e262) Importer(815301076,1909f56bfc062723c751e8b465ee728b)
Start importing Assets/SoundScript.cs using Guid(26f1ff35e9807764caf543badc73e262) Importer(815301076,1909f56bfc062723c751e8b465ee728b)  -> (artifact id: '00000000000000000000000000000000') in 0.000875 seconds  code(4) message(Build asset version error: assets/soundscript.cs in SourceAssetDB has modification time of '2021-10-03T18:11:58.9794271Z' while content on disk has modification time of '2021-10-03T18:13:31.9951103Z')
  ERROR: Build asset version error: assets/soundscript.cs in SourceAssetDB has modification time of '2021-10-03T18:11:58.9794271Z' while content on disk has modification time of '2021-10-03T18:13:31.9951103Z'
  Import took 0.009286 seconds .

========================================================================
Received Import Request.
  Time since last request: 0.049183 seconds.
  path: Assets/SoundScript.cs
  artifactKey: Guid(26f1ff35e9807764caf543badc73e262) Importer(815301076,1909f56bfc062723c751e8b465ee728b)
Start importing Assets/SoundScript.cs using Guid(26f1ff35e9807764caf543badc73e262) Importer(815301076,1909f56bfc062723c751e8b465ee728b)  -> (artifact id: '00000000000000000000000000000000') in 0.000905 seconds  code(4) message(Build asset version error: assets/soundscript.cs in SourceAssetDB has modification time of '2021-10-03T18:11:58.9794271Z' while content on disk has modification time of '2021-10-03T18:13:31.9951103Z')
  ERROR: Build asset version error: assets/soundscript.cs in SourceAssetDB has modification time of '2021-10-03T18:11:58.9794271Z' while content on disk has modification time of '2021-10-03T18:13:31.9951103Z'
  Import took 0.009665 seconds .

========================================================================
Received Import Request.
  Time since last request: 0.058947 seconds.
  path: Assets/SoundScript.cs
  artifactKey: Guid(26f1ff35e9807764caf543badc73e262) Importer(815301076,1909f56bfc062723c751e8b465ee728b)
Start importing Assets/SoundScript.cs using Guid(26f1ff35e9807764caf543badc73e262) Importer(815301076,1909f56bfc062723c751e8b465ee728b)  -> (artifact id: '00000000000000000000000000000000') in 0.000883 seconds  code(4) message(Build asset version error: assets/soundscript.cs in SourceAssetDB has modification time of '2021-10-03T18:11:58.9794271Z' while content on disk has modification time of '2021-10-03T18:13:31.9951103Z')
  ERROR: Build asset version error: assets/soundscript.cs in SourceAssetDB has modification time of '2021-10-03T18:11:58.9794271Z' while content on disk has modification time of '2021-10-03T18:13:31.9951103Z'
  Import took 0.008821 seconds .

========================================================================
Received Import Request.
  Time since last request: 0.053345 seconds.
  path: Assets/SoundScript.cs
  artifactKey: Guid(26f1ff35e9807764caf543badc73e262) Importer(815301076,1909f56bfc062723c751e8b465ee728b)
Start importing Assets/SoundScript.cs using Guid(26f1ff35e9807764caf543badc73e262) Importer(815301076,1909f56bfc062723c751e8b465ee728b)  -> (artifact id: '00000000000000000000000000000000') in 0.001320 seconds  code(4) message(Build asset version error: assets/soundscript.cs in SourceAssetDB has modification time of '2021-10-03T18:11:58.9794271Z' while content on disk has modification time of '2021-10-03T18:13:31.9951103Z')
  ERROR: Build asset version error: assets/soundscript.cs in SourceAssetDB has modification time of '2021-10-03T18:11:58.9794271Z' while content on disk has modification time of '2021-10-03T18:13:31.9951103Z'
  Import took 0.013604 seconds .

========================================================================
Received Import Request.
  Time since last request: 0.070094 seconds.
  path: Assets/SoundScript.cs
  artifactKey: Guid(26f1ff35e9807764caf543badc73e262) Importer(815301076,1909f56bfc062723c751e8b465ee728b)
Start importing Assets/SoundScript.cs using Guid(26f1ff35e9807764caf543badc73e262) Importer(815301076,1909f56bfc062723c751e8b465ee728b)  -> (artifact id: '00000000000000000000000000000000') in 0.001980 seconds  code(4) message(Build asset version error: assets/soundscript.cs in SourceAssetDB has modification time of '2021-10-03T18:11:58.9794271Z' while content on disk has modification time of '2021-10-03T18:13:31.9951103Z')
  ERROR: Build asset version error: assets/soundscript.cs in SourceAssetDB has modification time of '2021-10-03T18:11:58.9794271Z' while content on disk has modification time of '2021-10-03T18:13:31.9951103Z'
  Import took 0.023834 seconds .

========================================================================
Received Import Request.
  Time since last request: 0.152113 seconds.
  path: Assets/SoundScript.cs
  artifactKey: Guid(26f1ff35e9807764caf543badc73e262) Importer(815301076,1909f56bfc062723c751e8b465ee728b)
Start importing Assets/SoundScript.cs using Guid(26f1ff35e9807764caf543badc73e262) Importer(815301076,1909f56bfc062723c751e8b465ee728b)  -> (artifact id: '00000000000000000000000000000000') in 0.000749 seconds  code(4) message(Build asset version error: assets/soundscript.cs in SourceAssetDB has modification time of '2021-10-03T18:11:58.9794271Z' while content on disk has modification time of '2021-10-03T18:13:31.9951103Z')
  ERROR: Build asset version error: assets/soundscript.cs in SourceAssetDB has modification time of '2021-10-03T18:11:58.9794271Z' while content on disk has modification time of '2021-10-03T18:13:31.9951103Z'
  Import took 0.011205 seconds .

========================================================================
Received Import Request.
  Time since last request: 0.051147 seconds.
  path: Assets/SoundScript.cs
  artifactKey: Guid(26f1ff35e9807764caf543badc73e262) Importer(815301076,1909f56bfc062723c751e8b465ee728b)
Start importing Assets/SoundScript.cs using Guid(26f1ff35e9807764caf543badc73e262) Importer(815301076,1909f56bfc062723c751e8b465ee728b)  -> (artifact id: '00000000000000000000000000000000') in 0.001557 seconds  code(4) message(Build asset version error: assets/soundscript.cs in SourceAssetDB has modification time of '2021-10-03T18:11:58.9794271Z' while content on disk has modification time of '2021-10-03T18:13:31.9951103Z')
  ERROR: Build asset version error: assets/soundscript.cs in SourceAssetDB has modification time of '2021-10-03T18:11:58.9794271Z' while content on disk has modification time of '2021-10-03T18:13:31.9951103Z'
  Import took 0.010398 seconds .

========================================================================
Received Import Request.
  Time since last request: 0.043129 seconds.
  path: Assets/SoundScript.cs
  artifactKey: Guid(26f1ff35e9807764caf543badc73e262) Importer(815301076,1909f56bfc062723c751e8b465ee728b)
Start importing Assets/SoundScript.cs using Guid(26f1ff35e9807764caf543badc73e262) Importer(815301076,1909f56bfc062723c751e8b465ee728b)  -> (artifact id: '00000000000000000000000000000000') in 0.000795 seconds  code(4) message(Build asset version error: assets/soundscript.cs in SourceAssetDB has modification time of '2021-10-03T18:11:58.9794271Z' while content on disk has modification time of '2021-10-03T18:13:31.9951103Z')
  ERROR: Build asset version error: assets/soundscript.cs in SourceAssetDB has modification time of '2021-10-03T18:11:58.9794271Z' while content on disk has modification time of '2021-10-03T18:13:31.9951103Z'
  Import took 0.007720 seconds .

========================================================================
Received Import Request.
  Time since last request: 0.058254 seconds.
  path: Assets/SoundScript.cs
  artifactKey: Guid(26f1ff35e9807764caf543badc73e262) Importer(815301076,1909f56bfc062723c751e8b465ee728b)
Start importing Assets/SoundScript.cs using Guid(26f1ff35e9807764caf543badc73e262) Importer(815301076,1909f56bfc062723c751e8b465ee728b)  -> (artifact id: '00000000000000000000000000000000') in 0.001915 seconds  code(4) message(Build asset version error: assets/soundscript.cs in SourceAssetDB has modification time of '2021-10-03T18:11:58.9794271Z' while content on disk has modification time of '2021-10-03T18:13:31.9951103Z')
  ERROR: Build asset version error: assets/soundscript.cs in SourceAssetDB has modification time of '2021-10-03T18:11:58.9794271Z' while content on disk has modification time of '2021-10-03T18:13:31.9951103Z'
  Import took 0.011462 seconds .

========================================================================
Received Import Request.
  Time since last request: 0.041890 seconds.
  path: Assets/SoundScript.cs
  artifactKey: Guid(26f1ff35e9807764caf543badc73e262) Importer(815301076,1909f56bfc062723c751e8b465ee728b)
Start importing Assets/SoundScript.cs using Guid(26f1ff35e9807764caf543badc73e262) Importer(815301076,1909f56bfc062723c751e8b465ee728b)  -> (artifact id: '00000000000000000000000000000000') in 0.000624 seconds  code(4) message(Build asset version error: assets/soundscript.cs in SourceAssetDB has modification time of '2021-10-03T18:11:58.9794271Z' while content on disk has modification time of '2021-10-03T18:13:31.9951103Z')
  ERROR: Build asset version error: assets/soundscript.cs in SourceAssetDB has modification time of '2021-10-03T18:11:58.9794271Z' while content on disk has modification time of '2021-10-03T18:13:31.9951103Z'
  Import took 0.009781 seconds .

========================================================================
Received Import Request.
  Time since last request: 0.041139 seconds.
  path: Assets/SoundScript.cs
  artifactKey: Guid(26f1ff35e9807764caf543badc73e262) Importer(815301076,1909f56bfc062723c751e8b465ee728b)
Start importing Assets/SoundScript.cs using Guid(26f1ff35e9807764caf543badc73e262) Importer(815301076,1909f56bfc062723c751e8b465ee728b)  -> (artifact id: '00000000000000000000000000000000') in 0.000601 seconds  code(4) message(Build asset version error: assets/soundscript.cs in SourceAssetDB has modification time of '2021-10-03T18:11:58.9794271Z' while content on disk has modification time of '2021-10-03T18:13:31.9951103Z')
  ERROR: Build asset version error: assets/soundscript.cs in SourceAssetDB has modification time of '2021-10-03T18:11:58.9794271Z' while content on disk has modification time of '2021-10-03T18:13:31.9951103Z'
  Import took 0.008294 seconds .

========================================================================
Received Import Request.
  Time since last request: 0.050452 seconds.
  path: Assets/SoundScript.cs
  artifactKey: Guid(26f1ff35e9807764caf543badc73e262) Importer(815301076,1909f56bfc062723c751e8b465ee728b)
Start importing Assets/SoundScript.cs using Guid(26f1ff35e9807764caf543badc73e262) Importer(815301076,1909f56bfc062723c751e8b465ee728b)  -> (artifact id: '00000000000000000000000000000000') in 0.000789 seconds  code(4) message(Build asset version error: assets/soundscript.cs in SourceAssetDB has modification time of '2021-10-03T18:11:58.9794271Z' while content on disk has modification time of '2021-10-03T18:13:31.9951103Z')
  ERROR: Build asset version error: assets/soundscript.cs in SourceAssetDB has modification time of '2021-10-03T18:11:58.9794271Z' while content on disk has modification time of '2021-10-03T18:13:31.9951103Z'
  Import took 0.011426 seconds .

========================================================================
Received Import Request.
  Time since last request: 0.146650 seconds.
  path: Assets/SoundScript.cs
  artifactKey: Guid(26f1ff35e9807764caf543badc73e262) Importer(815301076,1909f56bfc062723c751e8b465ee728b)
Start importing Assets/SoundScript.cs using Guid(26f1ff35e9807764caf543badc73e262) Importer(815301076,1909f56bfc062723c751e8b465ee728b)  -> (artifact id: '00000000000000000000000000000000') in 0.000764 seconds  code(4) message(Build asset version error: assets/soundscript.cs in SourceAssetDB has modification time of '2021-10-03T18:11:58.9794271Z' while content on disk has modification time of '2021-10-03T18:13:31.9951103Z')
  ERROR: Build asset version error: assets/soundscript.cs in SourceAssetDB has modification time of '2021-10-03T18:11:58.9794271Z' while content on disk has modification time of '2021-10-03T18:13:31.9951103Z'
  Import took 0.014343 seconds .

========================================================================
Received Import Request.
  Time since last request: 0.134151 seconds.
  path: Assets/SoundScript.cs
  artifactKey: Guid(26f1ff35e9807764caf543badc73e262) Importer(815301076,1909f56bfc062723c751e8b465ee728b)
Start importing Assets/SoundScript.cs using Guid(26f1ff35e9807764caf543badc73e262) Importer(815301076,1909f56bfc062723c751e8b465ee728b)  -> (artifact id: '00000000000000000000000000000000') in 0.000779 seconds  code(4) message(Build asset version error: assets/soundscript.cs in SourceAssetDB has modification time of '2021-10-03T18:11:58.9794271Z' while content on disk has modification time of '2021-10-03T18:13:31.9951103Z')
  ERROR: Build asset version error: assets/soundscript.cs in SourceAssetDB has modification time of '2021-10-03T18:11:58.9794271Z' while content on disk has modification time of '2021-10-03T18:13:31.9951103Z'
  Import took 0.007408 seconds .

========================================================================
Received Import Request.
  Time since last request: 0.036940 seconds.
  path: Assets/SoundScript.cs
  artifactKey: Guid(26f1ff35e9807764caf543badc73e262) Importer(815301076,1909f56bfc062723c751e8b465ee728b)
Start importing Assets/SoundScript.cs using Guid(26f1ff35e9807764caf543badc73e262) Importer(815301076,1909f56bfc062723c751e8b465ee728b)  -> (artifact id: '00000000000000000000000000000000') in 0.000781 seconds  code(4) message(Build asset version error: assets/soundscript.cs in SourceAssetDB has modification time of '2021-10-03T18:11:58.9794271Z' while content on disk has modification time of '2021-10-03T18:13:31.9951103Z')
  ERROR: Build asset version error: assets/soundscript.cs in SourceAssetDB has modification time of '2021-10-03T18:11:58.9794271Z' while content on disk has modification time of '2021-10-03T18:13:31.9951103Z'
  Import took 0.007824 seconds .

========================================================================
Received Import Request.
  Time since last request: 0.029564 seconds.
  path: Assets/SoundScript.cs
  artifactKey: Guid(26f1ff35e9807764caf543badc73e262) Importer(815301076,1909f56bfc062723c751e8b465ee728b)
Start importing Assets/SoundScript.cs using Guid(26f1ff35e9807764caf543badc73e262) Importer(815301076,1909f56bfc062723c751e8b465ee728b)  -> (artifact id: '00000000000000000000000000000000') in 0.000606 seconds  code(4) message(Build asset version error: assets/soundscript.cs in SourceAssetDB has modification time of '2021-10-03T18:11:58.9794271Z' while content on disk has modification time of '2021-10-03T18:13:31.9951103Z')
  ERROR: Build asset version error: assets/soundscript.cs in SourceAssetDB has modification time of '2021-10-03T18:11:58.9794271Z' while content on disk has modification time of '2021-10-03T18:13:31.9951103Z'
  Import took 0.006332 seconds .

========================================================================
Received Import Request.
  Time since last request: 0.039816 seconds.
  path: Assets/SoundScript.cs
  artifactKey: Guid(26f1ff35e9807764caf543badc73e262) Importer(815301076,1909f56bfc062723c751e8b465ee728b)
Start importing Assets/SoundScript.cs using Guid(26f1ff35e9807764caf543badc73e262) Importer(815301076,1909f56bfc062723c751e8b465ee728b)  -> (artifact id: '00000000000000000000000000000000') in 0.000620 seconds  code(4) message(Build asset version error: assets/soundscript.cs in SourceAssetDB has modification time of '2021-10-03T18:11:58.9794271Z' while content on disk has modification time of '2021-10-03T18:13:31.9951103Z')
  ERROR: Build asset version error: assets/soundscript.cs in SourceAssetDB has modification time of '2021-10-03T18:11:58.9794271Z' while content on disk has modification time of '2021-10-03T18:13:31.9951103Z'
  Import took 0.006629 seconds .

========================================================================
Received Import Request.
  Time since last request: 0.032269 seconds.
  path: Assets/SoundScript.cs
  artifactKey: Guid(26f1ff35e9807764caf543badc73e262) Importer(815301076,1909f56bfc062723c751e8b465ee728b)
Start importing Assets/SoundScript.cs using Guid(26f1ff35e9807764caf543badc73e262) Importer(815301076,1909f56bfc062723c751e8b465ee728b)  -> (artifact id: '00000000000000000000000000000000') in 0.000612 seconds  code(4) message(Build asset version error: assets/soundscript.cs in SourceAssetDB has modification time of '2021-10-03T18:11:58.9794271Z' while content on disk has modification time of '2021-10-03T18:13:31.9951103Z')
  ERROR: Build asset version error: assets/soundscript.cs in SourceAssetDB has modification time of '2021-10-03T18:11:58.9794271Z' while content on disk has modification time of '2021-10-03T18:13:31.9951103Z'
  Import took 0.006721 seconds .

========================================================================
Received Import Request.
  Time since last request: 0.031899 seconds.
  path: Assets/SoundScript.cs
  artifactKey: Guid(26f1ff35e9807764caf543badc73e262) Importer(815301076,1909f56bfc062723c751e8b465ee728b)
Start importing Assets/SoundScript.cs using Guid(26f1ff35e9807764caf543badc73e262) Importer(815301076,1909f56bfc062723c751e8b465ee728b)  -> (artifact id: '00000000000000000000000000000000') in 0.000611 seconds  code(4) message(Build asset version error: assets/soundscript.cs in SourceAssetDB has modification time of '2021-10-03T18:11:58.9794271Z' while content on disk has modification time of '2021-10-03T18:13:31.9951103Z')
  ERROR: Build asset version error: assets/soundscript.cs in SourceAssetDB has modification time of '2021-10-03T18:11:58.9794271Z' while content on disk has modification time of '2021-10-03T18:13:31.9951103Z'
  Import took 0.006735 seconds .

========================================================================
Received Import Request.
  Time since last request: 0.038659 seconds.
  path: Assets/SoundScript.cs
  artifactKey: Guid(26f1ff35e9807764caf543badc73e262) Importer(815301076,1909f56bfc062723c751e8b465ee728b)
Start importing Assets/SoundScript.cs using Guid(26f1ff35e9807764caf543badc73e262) Importer(815301076,1909f56bfc062723c751e8b465ee728b)  -> (artifact id: '00000000000000000000000000000000') in 0.000659 seconds  code(4) message(Build asset version error: assets/soundscript.cs in SourceAssetDB has modification time of '2021-10-03T18:11:58.9794271Z' while content on disk has modification time of '2021-10-03T18:13:31.9951103Z')
  ERROR: Build asset version error: assets/soundscript.cs in SourceAssetDB has modification time of '2021-10-03T18:11:58.9794271Z' while content on disk has modification time of '2021-10-03T18:13:31.9951103Z'
  Import took 0.006232 seconds .

========================================================================
Received Import Request.
  Time since last request: 0.029476 seconds.
  path: Assets/SoundScript.cs
  artifactKey: Guid(26f1ff35e9807764caf543badc73e262) Importer(815301076,1909f56bfc062723c751e8b465ee728b)
Start importing Assets/SoundScript.cs using Guid(26f1ff35e9807764caf543badc73e262) Importer(815301076,1909f56bfc062723c751e8b465ee728b)  -> (artifact id: '00000000000000000000000000000000') in 0.000625 seconds  code(4) message(Build asset version error: assets/soundscript.cs in SourceAssetDB has modification time of '2021-10-03T18:11:58.9794271Z' while content on disk has modification time of '2021-10-03T18:13:31.9951103Z')
  ERROR: Build asset version error: assets/soundscript.cs in SourceAssetDB has modification time of '2021-10-03T18:11:58.9794271Z' while content on disk has modification time of '2021-10-03T18:13:31.9951103Z'
  Import took 0.006752 seconds .

========================================================================
Received Import Request.
  Time since last request: 0.032067 seconds.
  path: Assets/SoundScript.cs
  artifactKey: Guid(26f1ff35e9807764caf543badc73e262) Importer(815301076,1909f56bfc062723c751e8b465ee728b)
Start importing Assets/SoundScript.cs using Guid(26f1ff35e9807764caf543badc73e262) Importer(815301076,1909f56bfc062723c751e8b465ee728b)  -> (artifact id: '00000000000000000000000000000000') in 0.000628 seconds  code(4) message(Build asset version error: assets/soundscript.cs in SourceAssetDB has modification time of '2021-10-03T18:11:58.9794271Z' while content on disk has modification time of '2021-10-03T18:13:31.9951103Z')
  ERROR: Build asset version error: assets/soundscript.cs in SourceAssetDB has modification time of '2021-10-03T18:11:58.9794271Z' while content on disk has modification time of '2021-10-03T18:13:31.9951103Z'
  Import took 0.006853 seconds .

========================================================================
Received Import Request.
  Time since last request: 0.043944 seconds.
  path: Assets/SoundScript.cs
  artifactKey: Guid(26f1ff35e9807764caf543badc73e262) Importer(815301076,1909f56bfc062723c751e8b465ee728b)
Start importing Assets/SoundScript.cs using Guid(26f1ff35e9807764caf543badc73e262) Importer(815301076,1909f56bfc062723c751e8b465ee728b)  -> (artifact id: '00000000000000000000000000000000') in 0.000702 seconds  code(4) message(Build asset version error: assets/soundscript.cs in SourceAssetDB has modification time of '2021-10-03T18:11:58.9794271Z' while content on disk has modification time of '2021-10-03T18:13:31.9951103Z')
  ERROR: Build asset version error: assets/soundscript.cs in SourceAssetDB has modification time of '2021-10-03T18:11:58.9794271Z' while content on disk has modification time of '2021-10-03T18:13:31.9951103Z'
  Import took 0.008100 seconds .

========================================================================
Received Import Request.
  Time since last request: 0.032661 seconds.
  path: Assets/SoundScript.cs
  artifactKey: Guid(26f1ff35e9807764caf543badc73e262) Importer(815301076,1909f56bfc062723c751e8b465ee728b)
Start importing Assets/SoundScript.cs using Guid(26f1ff35e9807764caf543badc73e262) Importer(815301076,1909f56bfc062723c751e8b465ee728b)  -> (artifact id: '00000000000000000000000000000000') in 0.000696 seconds  code(4) message(Build asset version error: assets/soundscript.cs in SourceAssetDB has modification time of '2021-10-03T18:11:58.9794271Z' while content on disk has modification time of '2021-10-03T18:13:31.9951103Z')
  ERROR: Build asset version error: assets/soundscript.cs in SourceAssetDB has modification time of '2021-10-03T18:11:58.9794271Z' while content on disk has modification time of '2021-10-03T18:13:31.9951103Z'
  Import took 0.006919 seconds .

========================================================================
Received Import Request.
  Time since last request: 0.033619 seconds.
  path: Assets/SoundScript.cs
  artifactKey: Guid(26f1ff35e9807764caf543badc73e262) Importer(815301076,1909f56bfc062723c751e8b465ee728b)
Start importing Assets/SoundScript.cs using Guid(26f1ff35e9807764caf543badc73e262) Importer(815301076,1909f56bfc062723c751e8b465ee728b)  -> (artifact id: '00000000000000000000000000000000') in 0.000915 seconds  code(4) message(Build asset version error: assets/soundscript.cs in SourceAssetDB has modification time of '2021-10-03T18:11:58.9794271Z' while content on disk has modification time of '2021-10-03T18:13:31.9951103Z')
  ERROR: Build asset version error: assets/soundscript.cs in SourceAssetDB has modification time of '2021-10-03T18:11:58.9794271Z' while content on disk has modification time of '2021-10-03T18:13:31.9951103Z'
  Import took 0.010210 seconds .

========================================================================
Received Import Request.
  Time since last request: 0.050342 seconds.
  path: Assets/SoundScript.cs
  artifactKey: Guid(26f1ff35e9807764caf543badc73e262) Importer(815301076,1909f56bfc062723c751e8b465ee728b)
Start importing Assets/SoundScript.cs using Guid(26f1ff35e9807764caf543badc73e262) Importer(815301076,1909f56bfc062723c751e8b465ee728b)  -> (artifact id: '00000000000000000000000000000000') in 0.000916 seconds  code(4) message(Build asset version error: assets/soundscript.cs in SourceAssetDB has modification time of '2021-10-03T18:11:58.9794271Z' while content on disk has modification time of '2021-10-03T18:13:31.9951103Z')
  ERROR: Build asset version error: assets/soundscript.cs in SourceAssetDB has modification time of '2021-10-03T18:11:58.9794271Z' while content on disk has modification time of '2021-10-03T18:13:31.9951103Z'
  Import took 0.010777 seconds .

========================================================================
Received Import Request.
  Time since last request: 0.135682 seconds.
  path: Assets/SoundScript.cs
  artifactKey: Guid(26f1ff35e9807764caf543badc73e262) Importer(815301076,1909f56bfc062723c751e8b465ee728b)
Start importing Assets/SoundScript.cs using Guid(26f1ff35e9807764caf543badc73e262) Importer(815301076,1909f56bfc062723c751e8b465ee728b)  -> (artifact id: '00000000000000000000000000000000') in 0.000706 seconds  code(4) message(Build asset version error: assets/soundscript.cs in SourceAssetDB has modification time of '2021-10-03T18:11:58.9794271Z' while content on disk has modification time of '2021-10-03T18:13:31.9951103Z')
  ERROR: Build asset version error: assets/soundscript.cs in SourceAssetDB has modification time of '2021-10-03T18:11:58.9794271Z' while content on disk has modification time of '2021-10-03T18:13:31.9951103Z'
  Import took 0.008933 seconds .

========================================================================
Received Import Request.
  Time since last request: 0.041234 seconds.
  path: Assets/SoundScript.cs
  artifactKey: Guid(26f1ff35e9807764caf543badc73e262) Importer(815301076,1909f56bfc062723c751e8b465ee728b)
Start importing Assets/SoundScript.cs using Guid(26f1ff35e9807764caf543badc73e262) Importer(815301076,1909f56bfc062723c751e8b465ee728b)  -> (artifact id: '00000000000000000000000000000000') in 0.000716 seconds  code(4) message(Build asset version error: assets/soundscript.cs in SourceAssetDB has modification time of '2021-10-03T18:11:58.9794271Z' while content on disk has modification time of '2021-10-03T18:13:31.9951103Z')
  ERROR: Build asset version error: assets/soundscript.cs in SourceAssetDB has modification time of '2021-10-03T18:11:58.9794271Z' while content on disk has modification time of '2021-10-03T18:13:31.9951103Z'
  Import took 0.007289 seconds .

========================================================================
Received Import Request.
  Time since last request: 0.043350 seconds.
  path: Assets/SoundScript.cs
  artifactKey: Guid(26f1ff35e9807764caf543badc73e262) Importer(815301076,1909f56bfc062723c751e8b465ee728b)
Start importing Assets/SoundScript.cs using Guid(26f1ff35e9807764caf543badc73e262) Importer(815301076,1909f56bfc062723c751e8b465ee728b)  -> (artifact id: '00000000000000000000000000000000') in 0.000771 seconds  code(4) message(Build asset version error: assets/soundscript.cs in SourceAssetDB has modification time of '2021-10-03T18:11:58.9794271Z' while content on disk has modification time of '2021-10-03T18:13:31.9951103Z')
  ERROR: Build asset version error: assets/soundscript.cs in SourceAssetDB has modification time of '2021-10-03T18:11:58.9794271Z' while content on disk has modification time of '2021-10-03T18:13:31.9951103Z'
  Import took 0.007378 seconds .

========================================================================
Received Import Request.
  Time since last request: 0.039994 seconds.
  path: Assets/SoundScript.cs
  artifactKey: Guid(26f1ff35e9807764caf543badc73e262) Importer(815301076,1909f56bfc062723c751e8b465ee728b)
Start importing Assets/SoundScript.cs using Guid(26f1ff35e9807764caf543badc73e262) Importer(815301076,1909f56bfc062723c751e8b465ee728b)  -> (artifact id: '00000000000000000000000000000000') in 0.000766 seconds  code(4) message(Build asset version error: assets/soundscript.cs in SourceAssetDB has modification time of '2021-10-03T18:11:58.9794271Z' while content on disk has modification time of '2021-10-03T18:13:31.9951103Z')
  ERROR: Build asset version error: assets/soundscript.cs in SourceAssetDB has modification time of '2021-10-03T18:11:58.9794271Z' while content on disk has modification time of '2021-10-03T18:13:31.9951103Z'
  Import took 0.007442 seconds .

========================================================================
Received Import Request.
  Time since last request: 0.038116 seconds.
  path: Assets/SoundScript.cs
  artifactKey: Guid(26f1ff35e9807764caf543badc73e262) Importer(815301076,1909f56bfc062723c751e8b465ee728b)
Start importing Assets/SoundScript.cs using Guid(26f1ff35e9807764caf543badc73e262) Importer(815301076,1909f56bfc062723c751e8b465ee728b)  -> (artifact id: '00000000000000000000000000000000') in 0.000889 seconds  code(4) message(Build asset version error: assets/soundscript.cs in SourceAssetDB has modification time of '2021-10-03T18:11:58.9794271Z' while content on disk has modification time of '2021-10-03T18:13:31.9951103Z')
  ERROR: Build asset version error: assets/soundscript.cs in SourceAssetDB has modification time of '2021-10-03T18:11:58.9794271Z' while content on disk has modification time of '2021-10-03T18:13:31.9951103Z'
  Import took 0.008209 seconds .

========================================================================
Received Import Request.
  Time since last request: 0.041166 seconds.
  path: Assets/SoundScript.cs
  artifactKey: Guid(26f1ff35e9807764caf543badc73e262) Importer(815301076,1909f56bfc062723c751e8b465ee728b)
Start importing Assets/SoundScript.cs using Guid(26f1ff35e9807764caf543badc73e262) Importer(815301076,1909f56bfc062723c751e8b465ee728b)  -> (artifact id: '00000000000000000000000000000000') in 0.000812 seconds  code(4) message(Build asset version error: assets/soundscript.cs in SourceAssetDB has modification time of '2021-10-03T18:11:58.9794271Z' while content on disk has modification time of '2021-10-03T18:13:31.9951103Z')
  ERROR: Build asset version error: assets/soundscript.cs in SourceAssetDB has modification time of '2021-10-03T18:11:58.9794271Z' while content on disk has modification time of '2021-10-03T18:13:31.9951103Z'
  Import took 0.008156 seconds .

========================================================================
Received Import Request.
  Time since last request: 0.044885 seconds.
  path: Assets/SoundScript.cs
  artifactKey: Guid(26f1ff35e9807764caf543badc73e262) Importer(815301076,1909f56bfc062723c751e8b465ee728b)
Start importing Assets/SoundScript.cs using Guid(26f1ff35e9807764caf543badc73e262) Importer(815301076,1909f56bfc062723c751e8b465ee728b)  -> (artifact id: '00000000000000000000000000000000') in 0.000720 seconds  code(4) message(Build asset version error: assets/soundscript.cs in SourceAssetDB has modification time of '2021-10-03T18:11:58.9794271Z' while content on disk has modification time of '2021-10-03T18:13:31.9951103Z')
  ERROR: Build asset version error: assets/soundscript.cs in SourceAssetDB has modification time of '2021-10-03T18:11:58.9794271Z' while content on disk has modification time of '2021-10-03T18:13:31.9951103Z'
  Import took 0.008147 seconds .

========================================================================
Received Import Request.
  Time since last request: 0.038227 seconds.
  path: Assets/SoundScript.cs
  artifactKey: Guid(26f1ff35e9807764caf543badc73e262) Importer(815301076,1909f56bfc062723c751e8b465ee728b)
Start importing Assets/SoundScript.cs using Guid(26f1ff35e9807764caf543badc73e262) Importer(815301076,1909f56bfc062723c751e8b465ee728b)  -> (artifact id: '00000000000000000000000000000000') in 0.000722 seconds  code(4) message(Build asset version error: assets/soundscript.cs in SourceAssetDB has modification time of '2021-10-03T18:11:58.9794271Z' while content on disk has modification time of '2021-10-03T18:13:31.9951103Z')
  ERROR: Build asset version error: assets/soundscript.cs in SourceAssetDB has modification time of '2021-10-03T18:11:58.9794271Z' while content on disk has modification time of '2021-10-03T18:13:31.9951103Z'
  Import took 0.007439 seconds .

========================================================================
Received Import Request.
  Time since last request: 0.036409 seconds.
  path: Assets/SoundScript.cs
  artifactKey: Guid(26f1ff35e9807764caf543badc73e262) Importer(815301076,1909f56bfc062723c751e8b465ee728b)
Start importing Assets/SoundScript.cs using Guid(26f1ff35e9807764caf543badc73e262) Importer(815301076,1909f56bfc062723c751e8b465ee728b)  -> (artifact id: '00000000000000000000000000000000') in 0.001167 seconds  code(4) message(Build asset version error: assets/soundscript.cs in SourceAssetDB has modification time of '2021-10-03T18:11:58.9794271Z' while content on disk has modification time of '2021-10-03T18:13:31.9951103Z')
  ERROR: Build asset version error: assets/soundscript.cs in SourceAssetDB has modification time of '2021-10-03T18:11:58.9794271Z' while content on disk has modification time of '2021-10-03T18:13:31.9951103Z'
  Import took 0.010913 seconds .

========================================================================
Received Import Request.
  Time since last request: 0.070063 seconds.
  path: Assets/SoundScript.cs
  artifactKey: Guid(26f1ff35e9807764caf543badc73e262) Importer(815301076,1909f56bfc062723c751e8b465ee728b)
Start importing Assets/SoundScript.cs using Guid(26f1ff35e9807764caf543badc73e262) Importer(815301076,1909f56bfc062723c751e8b465ee728b)  -> (artifact id: '00000000000000000000000000000000') in 0.001162 seconds  code(4) message(Build asset version error: assets/soundscript.cs in SourceAssetDB has modification time of '2021-10-03T18:11:58.9794271Z' while content on disk has modification time of '2021-10-03T18:13:31.9951103Z')
  ERROR: Build asset version error: assets/soundscript.cs in SourceAssetDB has modification time of '2021-10-03T18:11:58.9794271Z' while content on disk has modification time of '2021-10-03T18:13:31.9951103Z'
  Import took 0.013747 seconds .

========================================================================
Received Import Request.
  Time since last request: 0.121301 seconds.
  path: Assets/SoundScript.cs
  artifactKey: Guid(26f1ff35e9807764caf543badc73e262) Importer(815301076,1909f56bfc062723c751e8b465ee728b)
Start importing Assets/SoundScript.cs using Guid(26f1ff35e9807764caf543badc73e262) Importer(815301076,1909f56bfc062723c751e8b465ee728b)  -> (artifact id: '00000000000000000000000000000000') in 0.000467 seconds  code(4) message(Build asset version error: assets/soundscript.cs in SourceAssetDB has modification time of '2021-10-03T18:11:58.9794271Z' while content on disk has modification time of '2021-10-03T18:13:31.9951103Z')
  ERROR: Build asset version error: assets/soundscript.cs in SourceAssetDB has modification time of '2021-10-03T18:11:58.9794271Z' while content on disk has modification time of '2021-10-03T18:13:31.9951103Z'
  Import took 0.006306 seconds .

========================================================================
Received Import Request.
  Time since last request: 0.026555 seconds.
  path: Assets/SoundScript.cs
  artifactKey: Guid(26f1ff35e9807764caf543badc73e262) Importer(815301076,1909f56bfc062723c751e8b465ee728b)
Start importing Assets/SoundScript.cs using Guid(26f1ff35e9807764caf543badc73e262) Importer(815301076,1909f56bfc062723c751e8b465ee728b)  -> (artifact id: '00000000000000000000000000000000') in 0.000699 seconds  code(4) message(Build asset version error: assets/soundscript.cs in SourceAssetDB has modification time of '2021-10-03T18:11:58.9794271Z' while content on disk has modification time of '2021-10-03T18:13:31.9951103Z')
  ERROR: Build asset version error: assets/soundscript.cs in SourceAssetDB has modification time of '2021-10-03T18:11:58.9794271Z' while content on disk has modification time of '2021-10-03T18:13:31.9951103Z'
  Import took 0.005956 seconds .

========================================================================
Received Import Request.
  Time since last request: 0.033985 seconds.
  path: Assets/SoundScript.cs
  artifactKey: Guid(26f1ff35e9807764caf543badc73e262) Importer(815301076,1909f56bfc062723c751e8b465ee728b)
Start importing Assets/SoundScript.cs using Guid(26f1ff35e9807764caf543badc73e262) Importer(815301076,1909f56bfc062723c751e8b465ee728b)  -> (artifact id: '00000000000000000000000000000000') in 0.000517 seconds  code(4) message(Build asset version error: assets/soundscript.cs in SourceAssetDB has modification time of '2021-10-03T18:11:58.9794271Z' while content on disk has modification time of '2021-10-03T18:13:31.9951103Z')
  ERROR: Build asset version error: assets/soundscript.cs in SourceAssetDB has modification time of '2021-10-03T18:11:58.9794271Z' while content on disk has modification time of '2021-10-03T18:13:31.9951103Z'
  Import took 0.005675 seconds .

========================================================================
Received Import Request.
  Time since last request: 0.031240 seconds.
  path: Assets/SoundScript.cs
  artifactKey: Guid(26f1ff35e9807764caf543badc73e262) Importer(815301076,1909f56bfc062723c751e8b465ee728b)
Start importing Assets/SoundScript.cs using Guid(26f1ff35e9807764caf543badc73e262) Importer(815301076,1909f56bfc062723c751e8b465ee728b)  -> (artifact id: '00000000000000000000000000000000') in 0.000561 seconds  code(4) message(Build asset version error: assets/soundscript.cs in SourceAssetDB has modification time of '2021-10-03T18:11:58.9794271Z' while content on disk has modification time of '2021-10-03T18:13:31.9951103Z')
  ERROR: Build asset version error: assets/soundscript.cs in SourceAssetDB has modification time of '2021-10-03T18:11:58.9794271Z' while content on disk has modification time of '2021-10-03T18:13:31.9951103Z'
  Import took 0.006322 seconds .

========================================================================
Received Import Request.
  Time since last request: 0.037842 seconds.
  path: Assets/SoundScript.cs
  artifactKey: Guid(26f1ff35e9807764caf543badc73e262) Importer(815301076,1909f56bfc062723c751e8b465ee728b)
Start importing Assets/SoundScript.cs using Guid(26f1ff35e9807764caf543badc73e262) Importer(815301076,1909f56bfc062723c751e8b465ee728b)  -> (artifact id: '00000000000000000000000000000000') in 0.000572 seconds  code(4) message(Build asset version error: assets/soundscript.cs in SourceAssetDB has modification time of '2021-10-03T18:11:58.9794271Z' while content on disk has modification time of '2021-10-03T18:13:31.9951103Z')
  ERROR: Build asset version error: assets/soundscript.cs in SourceAssetDB has modification time of '2021-10-03T18:11:58.9794271Z' while content on disk has modification time of '2021-10-03T18:13:31.9951103Z'
  Import took 0.006011 seconds .

========================================================================
Received Import Request.
  Time since last request: 0.030125 seconds.
  path: Assets/SoundScript.cs
  artifactKey: Guid(26f1ff35e9807764caf543badc73e262) Importer(815301076,1909f56bfc062723c751e8b465ee728b)
Start importing Assets/SoundScript.cs using Guid(26f1ff35e9807764caf543badc73e262) Importer(815301076,1909f56bfc062723c751e8b465ee728b)  -> (artifact id: '00000000000000000000000000000000') in 0.000763 seconds  code(4) message(Build asset version error: assets/soundscript.cs in SourceAssetDB has modification time of '2021-10-03T18:11:58.9794271Z' while content on disk has modification time of '2021-10-03T18:13:31.9951103Z')
  ERROR: Build asset version error: assets/soundscript.cs in SourceAssetDB has modification time of '2021-10-03T18:11:58.9794271Z' while content on disk has modification time of '2021-10-03T18:13:31.9951103Z'
  Import took 0.008657 seconds .

========================================================================
Received Import Request.
  Time since last request: 0.031941 seconds.
  path: Assets/SoundScript.cs
  artifactKey: Guid(26f1ff35e9807764caf543badc73e262) Importer(815301076,1909f56bfc062723c751e8b465ee728b)
Start importing Assets/SoundScript.cs using Guid(26f1ff35e9807764caf543badc73e262) Importer(815301076,1909f56bfc062723c751e8b465ee728b)  -> (artifact id: '00000000000000000000000000000000') in 0.000655 seconds  code(4) message(Build asset version error: assets/soundscript.cs in SourceAssetDB has modification time of '2021-10-03T18:11:58.9794271Z' while content on disk has modification time of '2021-10-03T18:13:31.9951103Z')
  ERROR: Build asset version error: assets/soundscript.cs in SourceAssetDB has modification time of '2021-10-03T18:11:58.9794271Z' while content on disk has modification time of '2021-10-03T18:13:31.9951103Z'
  Import took 0.007681 seconds .

========================================================================
Received Import Request.
  Time since last request: 0.043419 seconds.
  path: Assets/SoundScript.cs
  artifactKey: Guid(26f1ff35e9807764caf543badc73e262) Importer(815301076,1909f56bfc062723c751e8b465ee728b)
Start importing Assets/SoundScript.cs using Guid(26f1ff35e9807764caf543badc73e262) Importer(815301076,1909f56bfc062723c751e8b465ee728b)  -> (artifact id: '00000000000000000000000000000000') in 0.000722 seconds  code(4) message(Build asset version error: assets/soundscript.cs in SourceAssetDB has modification time of '2021-10-03T18:11:58.9794271Z' while content on disk has modification time of '2021-10-03T18:13:31.9951103Z')
  ERROR: Build asset version error: assets/soundscript.cs in SourceAssetDB has modification time of '2021-10-03T18:11:58.9794271Z' while content on disk has modification time of '2021-10-03T18:13:31.9951103Z'
  Import took 0.007690 seconds .

========================================================================
Received Import Request.
  Time since last request: 0.042861 seconds.
  path: Assets/SoundScript.cs
  artifactKey: Guid(26f1ff35e9807764caf543badc73e262) Importer(815301076,1909f56bfc062723c751e8b465ee728b)
Start importing Assets/SoundScript.cs using Guid(26f1ff35e9807764caf543badc73e262) Importer(815301076,1909f56bfc062723c751e8b465ee728b)  -> (artifact id: '00000000000000000000000000000000') in 0.001049 seconds  code(4) message(Build asset version error: assets/soundscript.cs in SourceAssetDB has modification time of '2021-10-03T18:11:58.9794271Z' while content on disk has modification time of '2021-10-03T18:13:31.9951103Z')
  ERROR: Build asset version error: assets/soundscript.cs in SourceAssetDB has modification time of '2021-10-03T18:11:58.9794271Z' while content on disk has modification time of '2021-10-03T18:13:31.9951103Z'
  Import took 0.009932 seconds .

========================================================================
Received Import Request.
  Time since last request: 0.050113 seconds.
  path: Assets/SoundScript.cs
  artifactKey: Guid(26f1ff35e9807764caf543badc73e262) Importer(815301076,1909f56bfc062723c751e8b465ee728b)
Start importing Assets/SoundScript.cs using Guid(26f1ff35e9807764caf543badc73e262) Importer(815301076,1909f56bfc062723c751e8b465ee728b)  -> (artifact id: '00000000000000000000000000000000') in 0.001927 seconds  code(4) message(Build asset version error: assets/soundscript.cs in SourceAssetDB has modification time of '2021-10-03T18:11:58.9794271Z' while content on disk has modification time of '2021-10-03T18:13:31.9951103Z')
  ERROR: Build asset version error: assets/soundscript.cs in SourceAssetDB has modification time of '2021-10-03T18:11:58.9794271Z' while content on disk has modification time of '2021-10-03T18:13:31.9951103Z'
  Import took 0.015720 seconds .

========================================================================
Received Import Request.
  Time since last request: 0.061590 seconds.
  path: Assets/SoundScript.cs
  artifactKey: Guid(26f1ff35e9807764caf543badc73e262) Importer(815301076,1909f56bfc062723c751e8b465ee728b)
Start importing Assets/SoundScript.cs using Guid(26f1ff35e9807764caf543badc73e262) Importer(815301076,1909f56bfc062723c751e8b465ee728b)  -> (artifact id: '00000000000000000000000000000000') in 0.001135 seconds  code(4) message(Build asset version error: assets/soundscript.cs in SourceAssetDB has modification time of '2021-10-03T18:11:58.9794271Z' while content on disk has modification time of '2021-10-03T18:13:31.9951103Z')
  ERROR: Build asset version error: assets/soundscript.cs in SourceAssetDB has modification time of '2021-10-03T18:11:58.9794271Z' while content on disk has modification time of '2021-10-03T18:13:31.9951103Z'
  Import took 0.013507 seconds .

========================================================================
Received Import Request.
  Time since last request: 0.052656 seconds.
  path: Assets/SoundScript.cs
  artifactKey: Guid(26f1ff35e9807764caf543badc73e262) Importer(815301076,1909f56bfc062723c751e8b465ee728b)
Start importing Assets/SoundScript.cs using Guid(26f1ff35e9807764caf543badc73e262) Importer(815301076,1909f56bfc062723c751e8b465ee728b)  -> (artifact id: '00000000000000000000000000000000') in 0.001108 seconds  code(4) message(Build asset version error: assets/soundscript.cs in SourceAssetDB has modification time of '2021-10-03T18:11:58.9794271Z' while content on disk has modification time of '2021-10-03T18:13:31.9951103Z')
  ERROR: Build asset version error: assets/soundscript.cs in SourceAssetDB has modification time of '2021-10-03T18:11:58.9794271Z' while content on disk has modification time of '2021-10-03T18:13:31.9951103Z'
  Import took 0.013354 seconds .

========================================================================
Received Import Request.
  Time since last request: 0.061108 seconds.
  path: Assets/SoundScript.cs
  artifactKey: Guid(26f1ff35e9807764caf543badc73e262) Importer(815301076,1909f56bfc062723c751e8b465ee728b)
Start importing Assets/SoundScript.cs using Guid(26f1ff35e9807764caf543badc73e262) Importer(815301076,1909f56bfc062723c751e8b465ee728b)  -> (artifact id: '00000000000000000000000000000000') in 0.001176 seconds  code(4) message(Build asset version error: assets/soundscript.cs in SourceAssetDB has modification time of '2021-10-03T18:11:58.9794271Z' while content on disk has modification time of '2021-10-03T18:13:31.9951103Z')
  ERROR: Build asset version error: assets/soundscript.cs in SourceAssetDB has modification time of '2021-10-03T18:11:58.9794271Z' while content on disk has modification time of '2021-10-03T18:13:31.9951103Z'
  Import took 0.011260 seconds .

========================================================================
Received Import Request.
  Time since last request: 0.057107 seconds.
  path: Assets/SoundScript.cs
  artifactKey: Guid(26f1ff35e9807764caf543badc73e262) Importer(815301076,1909f56bfc062723c751e8b465ee728b)
Start importing Assets/SoundScript.cs using Guid(26f1ff35e9807764caf543badc73e262) Importer(815301076,1909f56bfc062723c751e8b465ee728b)  -> (artifact id: '00000000000000000000000000000000') in 0.001386 seconds  code(4) message(Build asset version error: assets/soundscript.cs in SourceAssetDB has modification time of '2021-10-03T18:11:58.9794271Z' while content on disk has modification time of '2021-10-03T18:13:31.9951103Z')
  ERROR: Build asset version error: assets/soundscript.cs in SourceAssetDB has modification time of '2021-10-03T18:11:58.9794271Z' while content on disk has modification time of '2021-10-03T18:13:31.9951103Z'
  Import took 0.016519 seconds .

========================================================================
Received Import Request.
  Time since last request: 0.143331 seconds.
  path: Assets/SoundScript.cs
  artifactKey: Guid(26f1ff35e9807764caf543badc73e262) Importer(815301076,1909f56bfc062723c751e8b465ee728b)
Start importing Assets/SoundScript.cs using Guid(26f1ff35e9807764caf543badc73e262) Importer(815301076,1909f56bfc062723c751e8b465ee728b)  -> (artifact id: '00000000000000000000000000000000') in 0.001013 seconds  code(4) message(Build asset version error: assets/soundscript.cs in SourceAssetDB has modification time of '2021-10-03T18:11:58.9794271Z' while content on disk has modification time of '2021-10-03T18:13:31.9951103Z')
  ERROR: Build asset version error: assets/soundscript.cs in SourceAssetDB has modification time of '2021-10-03T18:11:58.9794271Z' while content on disk has modification time of '2021-10-03T18:13:31.9951103Z'
  Import took 0.014288 seconds .

========================================================================
Received Import Request.
  Time since last request: 0.061501 seconds.
  path: Assets/SoundScript.cs
  artifactKey: Guid(26f1ff35e9807764caf543badc73e262) Importer(815301076,1909f56bfc062723c751e8b465ee728b)
Start importing Assets/SoundScript.cs using Guid(26f1ff35e9807764caf543badc73e262) Importer(815301076,1909f56bfc062723c751e8b465ee728b)  -> (artifact id: '00000000000000000000000000000000') in 0.001316 seconds  code(4) message(Build asset version error: assets/soundscript.cs in SourceAssetDB has modification time of '2021-10-03T18:11:58.9794271Z' while content on disk has modification time of '2021-10-03T18:13:31.9951103Z')
  ERROR: Build asset version error: assets/soundscript.cs in SourceAssetDB has modification time of '2021-10-03T18:11:58.9794271Z' while content on disk has modification time of '2021-10-03T18:13:31.9951103Z'
  Import took 0.012785 seconds .

========================================================================
Received Import Request.
  Time since last request: 0.068236 seconds.
  path: Assets/SoundScript.cs
  artifactKey: Guid(26f1ff35e9807764caf543badc73e262) Importer(815301076,1909f56bfc062723c751e8b465ee728b)
Start importing Assets/SoundScript.cs using Guid(26f1ff35e9807764caf543badc73e262) Importer(815301076,1909f56bfc062723c751e8b465ee728b)  -> (artifact id: '00000000000000000000000000000000') in 0.001373 seconds  code(4) message(Build asset version error: assets/soundscript.cs in SourceAssetDB has modification time of '2021-10-03T18:11:58.9794271Z' while content on disk has modification time of '2021-10-03T18:13:31.9951103Z')
  ERROR: Build asset version error: assets/soundscript.cs in SourceAssetDB has modification time of '2021-10-03T18:11:58.9794271Z' while content on disk has modification time of '2021-10-03T18:13:31.9951103Z'
  Import took 0.017344 seconds .

========================================================================
Received Import Request.
  Time since last request: 0.065195 seconds.
  path: Assets/SoundScript.cs
  artifactKey: Guid(26f1ff35e9807764caf543badc73e262) Importer(815301076,1909f56bfc062723c751e8b465ee728b)
Start importing Assets/SoundScript.cs using Guid(26f1ff35e9807764caf543badc73e262) Importer(815301076,1909f56bfc062723c751e8b465ee728b)  -> (artifact id: '00000000000000000000000000000000') in 0.002385 seconds  code(4) message(Build asset version error: assets/soundscript.cs in SourceAssetDB has modification time of '2021-10-03T18:11:58.9794271Z' while content on disk has modification time of '2021-10-03T18:13:31.9951103Z')
  ERROR: Build asset version error: assets/soundscript.cs in SourceAssetDB has modification time of '2021-10-03T18:11:58.9794271Z' while content on disk has modification time of '2021-10-03T18:13:31.9951103Z'
  Import took 0.015896 seconds .

========================================================================
Received Import Request.
  Time since last request: 0.088587 seconds.
  path: Assets/SoundScript.cs
  artifactKey: Guid(26f1ff35e9807764caf543badc73e262) Importer(815301076,1909f56bfc062723c751e8b465ee728b)
Start importing Assets/SoundScript.cs using Guid(26f1ff35e9807764caf543badc73e262) Importer(815301076,1909f56bfc062723c751e8b465ee728b)  -> (artifact id: '00000000000000000000000000000000') in 0.001327 seconds  code(4) message(Build asset version error: assets/soundscript.cs in SourceAssetDB has modification time of '2021-10-03T18:11:58.9794271Z' while content on disk has modification time of '2021-10-03T18:13:31.9951103Z')
  ERROR: Build asset version error: assets/soundscript.cs in SourceAssetDB has modification time of '2021-10-03T18:11:58.9794271Z' while content on disk has modification time of '2021-10-03T18:13:31.9951103Z'
  Import took 0.025714 seconds .

========================================================================
Received Import Request.
  Time since last request: 0.142148 seconds.
  path: Assets/SoundScript.cs
  artifactKey: Guid(26f1ff35e9807764caf543badc73e262) Importer(815301076,1909f56bfc062723c751e8b465ee728b)
Start importing Assets/SoundScript.cs using Guid(26f1ff35e9807764caf543badc73e262) Importer(815301076,1909f56bfc062723c751e8b465ee728b)  -> (artifact id: '00000000000000000000000000000000') in 0.001355 seconds  code(4) message(Build asset version error: assets/soundscript.cs in SourceAssetDB has modification time of '2021-10-03T18:11:58.9794271Z' while content on disk has modification time of '2021-10-03T18:13:31.9951103Z')
  ERROR: Build asset version error: assets/soundscript.cs in SourceAssetDB has modification time of '2021-10-03T18:11:58.9794271Z' while content on disk has modification time of '2021-10-03T18:13:31.9951103Z'
  Import took 0.020898 seconds .

========================================================================
Received Import Request.
  Time since last request: 0.115316 seconds.
  path: Assets/SoundScript.cs
  artifactKey: Guid(26f1ff35e9807764caf543badc73e262) Importer(815301076,1909f56bfc062723c751e8b465ee728b)
Start importing Assets/SoundScript.cs using Guid(26f1ff35e9807764caf543badc73e262) Importer(815301076,1909f56bfc062723c751e8b465ee728b)  -> (artifact id: '00000000000000000000000000000000') in 0.000699 seconds  code(4) message(Build asset version error: assets/soundscript.cs in SourceAssetDB has modification time of '2021-10-03T18:11:58.9794271Z' while content on disk has modification time of '2021-10-03T18:13:31.9951103Z')
  ERROR: Build asset version error: assets/soundscript.cs in SourceAssetDB has modification time of '2021-10-03T18:11:58.9794271Z' while content on disk has modification time of '2021-10-03T18:13:31.9951103Z'
  Import took 0.008347 seconds .

========================================================================
Received Import Request.
  Time since last request: 0.130518 seconds.
  path: Assets/SoundScript.cs
  artifactKey: Guid(26f1ff35e9807764caf543badc73e262) Importer(815301076,1909f56bfc062723c751e8b465ee728b)
Start importing Assets/SoundScript.cs using Guid(26f1ff35e9807764caf543badc73e262) Importer(815301076,1909f56bfc062723c751e8b465ee728b)  -> (artifact id: '00000000000000000000000000000000') in 0.000559 seconds  code(4) message(Build asset version error: assets/soundscript.cs in SourceAssetDB has modification time of '2021-10-03T18:11:58.9794271Z' while content on disk has modification time of '2021-10-03T18:13:31.9951103Z')
  ERROR: Build asset version error: assets/soundscript.cs in SourceAssetDB has modification time of '2021-10-03T18:11:58.9794271Z' while content on disk has modification time of '2021-10-03T18:13:31.9951103Z'
  Import took 0.007289 seconds .

========================================================================
Received Import Request.
  Time since last request: 0.045105 seconds.
  path: Assets/SoundScript.cs
  artifactKey: Guid(26f1ff35e9807764caf543badc73e262) Importer(815301076,1909f56bfc062723c751e8b465ee728b)
Start importing Assets/SoundScript.cs using Guid(26f1ff35e9807764caf543badc73e262) Importer(815301076,1909f56bfc062723c751e8b465ee728b)  -> (artifact id: '00000000000000000000000000000000') in 0.001505 seconds  code(4) message(Build asset version error: assets/soundscript.cs in SourceAssetDB has modification time of '2021-10-03T18:11:58.9794271Z' while content on disk has modification time of '2021-10-03T18:13:31.9951103Z')
  ERROR: Build asset version error: assets/soundscript.cs in SourceAssetDB has modification time of '2021-10-03T18:11:58.9794271Z' while content on disk has modification time of '2021-10-03T18:13:31.9951103Z'
  Import took 0.012219 seconds .

========================================================================
Received Import Request.
  Time since last request: 0.057529 seconds.
  path: Assets/SoundScript.cs
  artifactKey: Guid(26f1ff35e9807764caf543badc73e262) Importer(815301076,1909f56bfc062723c751e8b465ee728b)
Start importing Assets/SoundScript.cs using Guid(26f1ff35e9807764caf543badc73e262) Importer(815301076,1909f56bfc062723c751e8b465ee728b)  -> (artifact id: '00000000000000000000000000000000') in 0.001860 seconds  code(4) message(Build asset version error: assets/soundscript.cs in SourceAssetDB has modification time of '2021-10-03T18:11:58.9794271Z' while content on disk has modification time of '2021-10-03T18:13:31.9951103Z')
  ERROR: Build asset version error: assets/soundscript.cs in SourceAssetDB has modification time of '2021-10-03T18:11:58.9794271Z' while content on disk has modification time of '2021-10-03T18:13:31.9951103Z'
  Import took 0.021669 seconds .

========================================================================
Received Import Request.
  Time since last request: 0.145831 seconds.
  path: Assets/SoundScript.cs
  artifactKey: Guid(26f1ff35e9807764caf543badc73e262) Importer(815301076,1909f56bfc062723c751e8b465ee728b)
Start importing Assets/SoundScript.cs using Guid(26f1ff35e9807764caf543badc73e262) Importer(815301076,1909f56bfc062723c751e8b465ee728b)  -> (artifact id: '00000000000000000000000000000000') in 0.001153 seconds  code(4) message(Build asset version error: assets/soundscript.cs in SourceAssetDB has modification time of '2021-10-03T18:11:58.9794271Z' while content on disk has modification time of '2021-10-03T18:13:31.9951103Z')
  ERROR: Build asset version error: assets/soundscript.cs in SourceAssetDB has modification time of '2021-10-03T18:11:58.9794271Z' while content on disk has modification time of '2021-10-03T18:13:31.9951103Z'
  Import took 0.013971 seconds .

========================================================================
Received Import Request.
  Time since last request: 0.058928 seconds.
  path: Assets/SoundScript.cs
  artifactKey: Guid(26f1ff35e9807764caf543badc73e262) Importer(815301076,1909f56bfc062723c751e8b465ee728b)
Start importing Assets/SoundScript.cs using Guid(26f1ff35e9807764caf543badc73e262) Importer(815301076,1909f56bfc062723c751e8b465ee728b)  -> (artifact id: '00000000000000000000000000000000') in 0.000812 seconds  code(4) message(Build asset version error: assets/soundscript.cs in SourceAssetDB has modification time of '2021-10-03T18:11:58.9794271Z' while content on disk has modification time of '2021-10-03T18:13:31.9951103Z')
  ERROR: Build asset version error: assets/soundscript.cs in SourceAssetDB has modification time of '2021-10-03T18:11:58.9794271Z' while content on disk has modification time of '2021-10-03T18:13:31.9951103Z'
  Import took 0.010623 seconds .

========================================================================
Received Import Request.
  Time since last request: 0.052568 seconds.
  path: Assets/SoundScript.cs
  artifactKey: Guid(26f1ff35e9807764caf543badc73e262) Importer(815301076,1909f56bfc062723c751e8b465ee728b)
Start importing Assets/SoundScript.cs using Guid(26f1ff35e9807764caf543badc73e262) Importer(815301076,1909f56bfc062723c751e8b465ee728b)  -> (artifact id: '00000000000000000000000000000000') in 0.002857 seconds  code(4) message(Build asset version error: assets/soundscript.cs in SourceAssetDB has modification time of '2021-10-03T18:11:58.9794271Z' while content on disk has modification time of '2021-10-03T18:13:31.9951103Z')
  ERROR: Build asset version error: assets/soundscript.cs in SourceAssetDB has modification time of '2021-10-03T18:11:58.9794271Z' while content on disk has modification time of '2021-10-03T18:13:31.9951103Z'
  Import took 0.014553 seconds .

========================================================================
Received Import Request.
  Time since last request: 0.129155 seconds.
  path: Assets/SoundScript.cs
  artifactKey: Guid(26f1ff35e9807764caf543badc73e262) Importer(815301076,1909f56bfc062723c751e8b465ee728b)
Start importing Assets/SoundScript.cs using Guid(26f1ff35e9807764caf543badc73e262) Importer(815301076,1909f56bfc062723c751e8b465ee728b)  -> (artifact id: '00000000000000000000000000000000') in 0.000808 seconds  code(4) message(Build asset version error: assets/soundscript.cs in SourceAssetDB has modification time of '2021-10-03T18:11:58.9794271Z' while content on disk has modification time of '2021-10-03T18:13:31.9951103Z')
  ERROR: Build asset version error: assets/soundscript.cs in SourceAssetDB has modification time of '2021-10-03T18:11:58.9794271Z' while content on disk has modification time of '2021-10-03T18:13:31.9951103Z'
  Import took 0.008989 seconds .

========================================================================
Received Import Request.
  Time since last request: 0.050626 seconds.
  path: Assets/SoundScript.cs
  artifactKey: Guid(26f1ff35e9807764caf543badc73e262) Importer(815301076,1909f56bfc062723c751e8b465ee728b)
Start importing Assets/SoundScript.cs using Guid(26f1ff35e9807764caf543badc73e262) Importer(815301076,1909f56bfc062723c751e8b465ee728b)  -> (artifact id: '00000000000000000000000000000000') in 0.000753 seconds  code(4) message(Build asset version error: assets/soundscript.cs in SourceAssetDB has modification time of '2021-10-03T18:11:58.9794271Z' while content on disk has modification time of '2021-10-03T18:13:31.9951103Z')
  ERROR: Build asset version error: assets/soundscript.cs in SourceAssetDB has modification time of '2021-10-03T18:11:58.9794271Z' while content on disk has modification time of '2021-10-03T18:13:31.9951103Z'
  Import took 0.008316 seconds .

========================================================================
Received Import Request.
  Time since last request: 0.137082 seconds.
  path: Assets/SoundScript.cs
  artifactKey: Guid(26f1ff35e9807764caf543badc73e262) Importer(815301076,1909f56bfc062723c751e8b465ee728b)
Start importing Assets/SoundScript.cs using Guid(26f1ff35e9807764caf543badc73e262) Importer(815301076,1909f56bfc062723c751e8b465ee728b)  -> (artifact id: '00000000000000000000000000000000') in 0.000713 seconds  code(4) message(Build asset version error: assets/soundscript.cs in SourceAssetDB has modification time of '2021-10-03T18:11:58.9794271Z' while content on disk has modification time of '2021-10-03T18:13:31.9951103Z')
  ERROR: Build asset version error: assets/soundscript.cs in SourceAssetDB has modification time of '2021-10-03T18:11:58.9794271Z' while content on disk has modification time of '2021-10-03T18:13:31.9951103Z'
  Import took 0.008433 seconds .

========================================================================
Received Import Request.
  Time since last request: 0.045494 seconds.
  path: Assets/SoundScript.cs
  artifactKey: Guid(26f1ff35e9807764caf543badc73e262) Importer(815301076,1909f56bfc062723c751e8b465ee728b)
Start importing Assets/SoundScript.cs using Guid(26f1ff35e9807764caf543badc73e262) Importer(815301076,1909f56bfc062723c751e8b465ee728b)  -> (artifact id: '00000000000000000000000000000000') in 0.000968 seconds  code(4) message(Build asset version error: assets/soundscript.cs in SourceAssetDB has modification time of '2021-10-03T18:11:58.9794271Z' while content on disk has modification time of '2021-10-03T18:13:31.9951103Z')
  ERROR: Build asset version error: assets/soundscript.cs in SourceAssetDB has modification time of '2021-10-03T18:11:58.9794271Z' while content on disk has modification time of '2021-10-03T18:13:31.9951103Z'
  Import took 0.011519 seconds .

========================================================================
Received Import Request.
  Time since last request: 0.038385 seconds.
  path: Assets/SoundScript.cs
  artifactKey: Guid(26f1ff35e9807764caf543badc73e262) Importer(815301076,1909f56bfc062723c751e8b465ee728b)
Start importing Assets/SoundScript.cs using Guid(26f1ff35e9807764caf543badc73e262) Importer(815301076,1909f56bfc062723c751e8b465ee728b)  -> (artifact id: '00000000000000000000000000000000') in 0.000872 seconds  code(4) message(Build asset version error: assets/soundscript.cs in SourceAssetDB has modification time of '2021-10-03T18:11:58.9794271Z' while content on disk has modification time of '2021-10-03T18:13:31.9951103Z')
  ERROR: Build asset version error: assets/soundscript.cs in SourceAssetDB has modification time of '2021-10-03T18:11:58.9794271Z' while content on disk has modification time of '2021-10-03T18:13:31.9951103Z'
  Import took 0.009050 seconds .

========================================================================
Received Import Request.
  Time since last request: 0.033699 seconds.
  path: Assets/SoundScript.cs
  artifactKey: Guid(26f1ff35e9807764caf543badc73e262) Importer(815301076,1909f56bfc062723c751e8b465ee728b)
Start importing Assets/SoundScript.cs using Guid(26f1ff35e9807764caf543badc73e262) Importer(815301076,1909f56bfc062723c751e8b465ee728b)  -> (artifact id: '00000000000000000000000000000000') in 0.000733 seconds  code(4) message(Build asset version error: assets/soundscript.cs in SourceAssetDB has modification time of '2021-10-03T18:11:58.9794271Z' while content on disk has modification time of '2021-10-03T18:13:31.9951103Z')
  ERROR: Build asset version error: assets/soundscript.cs in SourceAssetDB has modification time of '2021-10-03T18:11:58.9794271Z' while content on disk has modification time of '2021-10-03T18:13:31.9951103Z'
  Import took 0.008256 seconds .

========================================================================
Received Import Request.
  Time since last request: 0.049108 seconds.
  path: Assets/SoundScript.cs
  artifactKey: Guid(26f1ff35e9807764caf543badc73e262) Importer(815301076,1909f56bfc062723c751e8b465ee728b)
Start importing Assets/SoundScript.cs using Guid(26f1ff35e9807764caf543badc73e262) Importer(815301076,1909f56bfc062723c751e8b465ee728b)  -> (artifact id: '00000000000000000000000000000000') in 0.000741 seconds  code(4) message(Build asset version error: assets/soundscript.cs in SourceAssetDB has modification time of '2021-10-03T18:11:58.9794271Z' while content on disk has modification time of '2021-10-03T18:13:31.9951103Z')
  ERROR: Build asset version error: assets/soundscript.cs in SourceAssetDB has modification time of '2021-10-03T18:11:58.9794271Z' while content on disk has modification time of '2021-10-03T18:13:31.9951103Z'
  Import took 0.007585 seconds .

========================================================================
Received Import Request.
  Time since last request: 0.036997 seconds.
  path: Assets/SoundScript.cs
  artifactKey: Guid(26f1ff35e9807764caf543badc73e262) Importer(815301076,1909f56bfc062723c751e8b465ee728b)
Start importing Assets/SoundScript.cs using Guid(26f1ff35e9807764caf543badc73e262) Importer(815301076,1909f56bfc062723c751e8b465ee728b)  -> (artifact id: '00000000000000000000000000000000') in 0.000758 seconds  code(4) message(Build asset version error: assets/soundscript.cs in SourceAssetDB has modification time of '2021-10-03T18:11:58.9794271Z' while content on disk has modification time of '2021-10-03T18:13:31.9951103Z')
  ERROR: Build asset version error: assets/soundscript.cs in SourceAssetDB has modification time of '2021-10-03T18:11:58.9794271Z' while content on disk has modification time of '2021-10-03T18:13:31.9951103Z'
  Import took 0.007746 seconds .

========================================================================
Received Import Request.
  Time since last request: 0.039576 seconds.
  path: Assets/SoundScript.cs
  artifactKey: Guid(26f1ff35e9807764caf543badc73e262) Importer(815301076,1909f56bfc062723c751e8b465ee728b)
Start importing Assets/SoundScript.cs using Guid(26f1ff35e9807764caf543badc73e262) Importer(815301076,1909f56bfc062723c751e8b465ee728b)  -> (artifact id: '00000000000000000000000000000000') in 0.001003 seconds  code(4) message(Build asset version error: assets/soundscript.cs in SourceAssetDB has modification time of '2021-10-03T18:11:58.9794271Z' while content on disk has modification time of '2021-10-03T18:13:31.9951103Z')
  ERROR: Build asset version error: assets/soundscript.cs in SourceAssetDB has modification time of '2021-10-03T18:11:58.9794271Z' while content on disk has modification time of '2021-10-03T18:13:31.9951103Z'
  Import took 0.008893 seconds .

========================================================================
Received Import Request.
  Time since last request: 0.055986 seconds.
  path: Assets/SoundScript.cs
  artifactKey: Guid(26f1ff35e9807764caf543badc73e262) Importer(815301076,1909f56bfc062723c751e8b465ee728b)
Start importing Assets/SoundScript.cs using Guid(26f1ff35e9807764caf543badc73e262) Importer(815301076,1909f56bfc062723c751e8b465ee728b)  -> (artifact id: '00000000000000000000000000000000') in 0.000773 seconds  code(4) message(Build asset version error: assets/soundscript.cs in SourceAssetDB has modification time of '2021-10-03T18:11:58.9794271Z' while content on disk has modification time of '2021-10-03T18:13:31.9951103Z')
  ERROR: Build asset version error: assets/soundscript.cs in SourceAssetDB has modification time of '2021-10-03T18:11:58.9794271Z' while content on disk has modification time of '2021-10-03T18:13:31.9951103Z'
  Import took 0.011135 seconds .

========================================================================
Received Import Request.
  Time since last request: 0.042756 seconds.
  path: Assets/SoundScript.cs
  artifactKey: Guid(26f1ff35e9807764caf543badc73e262) Importer(815301076,1909f56bfc062723c751e8b465ee728b)
Start importing Assets/SoundScript.cs using Guid(26f1ff35e9807764caf543badc73e262) Importer(815301076,1909f56bfc062723c751e8b465ee728b)  -> (artifact id: '00000000000000000000000000000000') in 0.000816 seconds  code(4) message(Build asset version error: assets/soundscript.cs in SourceAssetDB has modification time of '2021-10-03T18:11:58.9794271Z' while content on disk has modification time of '2021-10-03T18:13:31.9951103Z')
  ERROR: Build asset version error: assets/soundscript.cs in SourceAssetDB has modification time of '2021-10-03T18:11:58.9794271Z' while content on disk has modification time of '2021-10-03T18:13:31.9951103Z'
  Import took 0.010826 seconds .

========================================================================
Received Import Request.
  Time since last request: 0.043191 seconds.
  path: Assets/SoundScript.cs
  artifactKey: Guid(26f1ff35e9807764caf543badc73e262) Importer(815301076,1909f56bfc062723c751e8b465ee728b)
Start importing Assets/SoundScript.cs using Guid(26f1ff35e9807764caf543badc73e262) Importer(815301076,1909f56bfc062723c751e8b465ee728b)  -> (artifact id: '00000000000000000000000000000000') in 0.000784 seconds  code(4) message(Build asset version error: assets/soundscript.cs in SourceAssetDB has modification time of '2021-10-03T18:11:58.9794271Z' while content on disk has modification time of '2021-10-03T18:13:31.9951103Z')
  ERROR: Build asset version error: assets/soundscript.cs in SourceAssetDB has modification time of '2021-10-03T18:11:58.9794271Z' while content on disk has modification time of '2021-10-03T18:13:31.9951103Z'
  Import took 0.009077 seconds .

========================================================================
Received Import Request.
  Time since last request: 0.047622 seconds.
  path: Assets/SoundScript.cs
  artifactKey: Guid(26f1ff35e9807764caf543badc73e262) Importer(815301076,1909f56bfc062723c751e8b465ee728b)
Start importing Assets/SoundScript.cs using Guid(26f1ff35e9807764caf543badc73e262) Importer(815301076,1909f56bfc062723c751e8b465ee728b)  -> (artifact id: '00000000000000000000000000000000') in 0.000979 seconds  code(4) message(Build asset version error: assets/soundscript.cs in SourceAssetDB has modification time of '2021-10-03T18:11:58.9794271Z' while content on disk has modification time of '2021-10-03T18:13:31.9951103Z')
  ERROR: Build asset version error: assets/soundscript.cs in SourceAssetDB has modification time of '2021-10-03T18:11:58.9794271Z' while content on disk has modification time of '2021-10-03T18:13:31.9951103Z'
  Import took 0.010524 seconds .

========================================================================
Received Import Request.
  Time since last request: 0.043384 seconds.
  path: Assets/SoundScript.cs
  artifactKey: Guid(26f1ff35e9807764caf543badc73e262) Importer(815301076,1909f56bfc062723c751e8b465ee728b)
Start importing Assets/SoundScript.cs using Guid(26f1ff35e9807764caf543badc73e262) Importer(815301076,1909f56bfc062723c751e8b465ee728b)  -> (artifact id: '00000000000000000000000000000000') in 0.001180 seconds  code(4) message(Build asset version error: assets/soundscript.cs in SourceAssetDB has modification time of '2021-10-03T18:11:58.9794271Z' while content on disk has modification time of '2021-10-03T18:13:31.9951103Z')
  ERROR: Build asset version error: assets/soundscript.cs in SourceAssetDB has modification time of '2021-10-03T18:11:58.9794271Z' while content on disk has modification time of '2021-10-03T18:13:31.9951103Z'
  Import took 0.013460 seconds .

========================================================================
Received Import Request.
  Time since last request: 0.054706 seconds.
  path: Assets/SoundScript.cs
  artifactKey: Guid(26f1ff35e9807764caf543badc73e262) Importer(815301076,1909f56bfc062723c751e8b465ee728b)
Start importing Assets/SoundScript.cs using Guid(26f1ff35e9807764caf543badc73e262) Importer(815301076,1909f56bfc062723c751e8b465ee728b)  -> (artifact id: '00000000000000000000000000000000') in 0.001196 seconds  code(4) message(Build asset version error: assets/soundscript.cs in SourceAssetDB has modification time of '2021-10-03T18:11:58.9794271Z' while content on disk has modification time of '2021-10-03T18:13:31.9951103Z')
  ERROR: Build asset version error: assets/soundscript.cs in SourceAssetDB has modification time of '2021-10-03T18:11:58.9794271Z' while content on disk has modification time of '2021-10-03T18:13:31.9951103Z'
  Import took 0.008625 seconds .

========================================================================
Received Import Request.
  Time since last request: 0.046619 seconds.
  path: Assets/SoundScript.cs
  artifactKey: Guid(26f1ff35e9807764caf543badc73e262) Importer(815301076,1909f56bfc062723c751e8b465ee728b)
Start importing Assets/SoundScript.cs using Guid(26f1ff35e9807764caf543badc73e262) Importer(815301076,1909f56bfc062723c751e8b465ee728b)  -> (artifact id: '00000000000000000000000000000000') in 0.000978 seconds  code(4) message(Build asset version error: assets/soundscript.cs in SourceAssetDB has modification time of '2021-10-03T18:11:58.9794271Z' while content on disk has modification time of '2021-10-03T18:13:31.9951103Z')
  ERROR: Build asset version error: assets/soundscript.cs in SourceAssetDB has modification time of '2021-10-03T18:11:58.9794271Z' while content on disk has modification time of '2021-10-03T18:13:31.9951103Z'
  Import took 0.008974 seconds .

========================================================================
Received Import Request.
  Time since last request: 0.039734 seconds.
  path: Assets/SoundScript.cs
  artifactKey: Guid(26f1ff35e9807764caf543badc73e262) Importer(815301076,1909f56bfc062723c751e8b465ee728b)
Start importing Assets/SoundScript.cs using Guid(26f1ff35e9807764caf543badc73e262) Importer(815301076,1909f56bfc062723c751e8b465ee728b)  -> (artifact id: '00000000000000000000000000000000') in 0.000779 seconds  code(4) message(Build asset version error: assets/soundscript.cs in SourceAssetDB has modification time of '2021-10-03T18:11:58.9794271Z' while content on disk has modification time of '2021-10-03T18:13:31.9951103Z')
  ERROR: Build asset version error: assets/soundscript.cs in SourceAssetDB has modification time of '2021-10-03T18:11:58.9794271Z' while content on disk has modification time of '2021-10-03T18:13:31.9951103Z'
  Import took 0.009267 seconds .

========================================================================
Received Import Request.
  Time since last request: 0.060006 seconds.
  path: Assets/SoundScript.cs
  artifactKey: Guid(26f1ff35e9807764caf543badc73e262) Importer(815301076,1909f56bfc062723c751e8b465ee728b)
Start importing Assets/SoundScript.cs using Guid(26f1ff35e9807764caf543badc73e262) Importer(815301076,1909f56bfc062723c751e8b465ee728b)  -> (artifact id: '00000000000000000000000000000000') in 0.000773 seconds  code(4) message(Build asset version error: assets/soundscript.cs in SourceAssetDB has modification time of '2021-10-03T18:11:58.9794271Z' while content on disk has modification time of '2021-10-03T18:13:31.9951103Z')
  ERROR: Build asset version error: assets/soundscript.cs in SourceAssetDB has modification time of '2021-10-03T18:11:58.9794271Z' while content on disk has modification time of '2021-10-03T18:13:31.9951103Z'
  Import took 0.009107 seconds .

========================================================================
Received Prepare
Registering precompiled user dll's ...
Registered in 0.013446 seconds.
Begin MonoManager ReloadAssembly
Native extension for WindowsStandalone target not found
Refreshing native plugins compatible for Editor in 0.92 ms, found 3 plugins.
Preloading 0 native plugins for Editor in 0.00 ms.
Mono: successfully reloaded assembly
- Completed reload, in  3.182 seconds
Domain Reload Profiling:
	ReloadAssembly (3183ms)
		BeginReloadAssembly (325ms)
			ExecutionOrderSort (0ms)
			DisableScriptedObjects (17ms)
			BackupInstance (0ms)
			ReleaseScriptingObjects (0ms)
			CreateAndSetChildDomain (76ms)
		EndReloadAssembly (2596ms)
			LoadAssemblies (348ms)
			RebuildTransferFunctionScriptingTraits (0ms)
			SetupTypeCache (922ms)
			ReleaseScriptCaches (1ms)
			RebuildScriptCaches (90ms)
			SetupLoadedEditorAssemblies (1004ms)
				LogAssemblyErrors (0ms)
				InitializePlatformSupportModulesInManaged (16ms)
				SetLoadedEditorAssemblies (1ms)
				RefreshPlugins (1ms)
				BeforeProcessingInitializeOnLoad (303ms)
				ProcessInitializeOnLoadAttributes (656ms)
				ProcessInitializeOnLoadMethodAttributes (11ms)
				AfterProcessingInitializeOnLoad (16ms)
				EditorAssembliesLoaded (0ms)
			ExecutionOrderSort2 (0ms)
			AwakeInstancesAfterBackupRestoration (21ms)
Platform modules already initialized, skipping
Refreshing native plugins compatible for Editor in 0.82 ms, found 3 plugins.
Preloading 0 native plugins for Editor in 0.00 ms.
Unloading 2082 Unused Serialized files (Serialized files now loaded: 0)
System memory in use before: 92.6 MB.
System memory in use after: 92.7 MB.

Unloading 16 unused Assets to reduce memory usage. Loaded Objects now: 2535.
Total: 5.813000 ms (FindLiveObjects: 0.315300 ms CreateObjectMapping: 0.167300 ms MarkObjects: 5.255100 ms  DeleteObjects: 0.073400 ms)

AssetImportParameters requested are different than current active one (requested -> active):
  custom:framework-win-MediaFoundation: 216162199b28c13a410421893ffa2e32 -> 
  custom:video-decoder-ogg-theora: a1e56fd34408186e4bbccfd4996cb3dc -> 
  custom:container-muxer-webm: aa71ff27fc2769a1b78a27578f13a17b -> 
  custom:container-demuxer-webm: 4f35f7cbe854078d1ac9338744f61a02 -> 
  custom:container-demuxer-ogg: 62fdf1f143b41e24485cea50d1cbac27 -> 
  custom:video-encoder-webm-vp8: eb34c28f22e8b96e1ab97ce403110664 -> 
  custom:video-codec-MediaFoundation-h265: 746d11721c4dcdbdad8f713fa42b33f4 -> 
  custom:video-decoder-webm-vp8: 9c59270c3fd7afecdb556c50c9e8de78 -> 
  custom:audio-decoder-ogg-vorbis: bf7c407c2cedff20999df2af8eb42d56 -> 
  custom:audio-encoder-webm-vorbis: bf7c407c2cedff20999df2af8eb42d56 -> 
========================================================================
Received Import Request.
  Time since last request: 10.335741 seconds.
  path: Assets/SoundScript.cs
  artifactKey: Guid(26f1ff35e9807764caf543badc73e262) Importer(815301076,1909f56bfc062723c751e8b465ee728b)
Start importing Assets/SoundScript.cs using Guid(26f1ff35e9807764caf543badc73e262) Importer(815301076,1909f56bfc062723c751e8b465ee728b)  -> (artifact id: '013235e7fcc3751825037ac13831aaec') in 0.011046 seconds 
  Import took 0.022986 seconds .

========================================================================
Received Prepare
Registering precompiled user dll's ...
Registered in 0.008975 seconds.
Begin MonoManager ReloadAssembly
Native extension for WindowsStandalone target not found
Refreshing native plugins compatible for Editor in 0.65 ms, found 3 plugins.
Preloading 0 native plugins for Editor in 0.00 ms.
Mono: successfully reloaded assembly
- Completed reload, in  2.008 seconds
Domain Reload Profiling:
	ReloadAssembly (2008ms)
		BeginReloadAssembly (364ms)
			ExecutionOrderSort (0ms)
			DisableScriptedObjects (14ms)
			BackupInstance (0ms)
			ReleaseScriptingObjects (0ms)
			CreateAndSetChildDomain (110ms)
		EndReloadAssembly (1495ms)
			LoadAssemblies (297ms)
			RebuildTransferFunctionScriptingTraits (0ms)
			SetupTypeCache (434ms)
			ReleaseScriptCaches (1ms)
			RebuildScriptCaches (66ms)
			SetupLoadedEditorAssemblies (605ms)
				LogAssemblyErrors (0ms)
				InitializePlatformSupportModulesInManaged (8ms)
				SetLoadedEditorAssemblies (1ms)
				RefreshPlugins (1ms)
				BeforeProcessingInitializeOnLoad (156ms)
				ProcessInitializeOnLoadAttributes (414ms)
				ProcessInitializeOnLoadMethodAttributes (11ms)
				AfterProcessingInitializeOnLoad (15ms)
				EditorAssembliesLoaded (0ms)
			ExecutionOrderSort2 (0ms)
			AwakeInstancesAfterBackupRestoration (16ms)
Platform modules already initialized, skipping
Refreshing native plugins compatible for Editor in 1.34 ms, found 3 plugins.
Preloading 0 native plugins for Editor in 0.00 ms.
Unloading 2082 Unused Serialized files (Serialized files now loaded: 0)
System memory in use before: 92.6 MB.
System memory in use after: 92.7 MB.

Unloading 16 unused Assets to reduce memory usage. Loaded Objects now: 2538.
Total: 14.851900 ms (FindLiveObjects: 1.377500 ms CreateObjectMapping: 0.548500 ms MarkObjects: 12.861500 ms  DeleteObjects: 0.056200 ms)

AssetImportParameters requested are different than current active one (requested -> active):
  custom:framework-win-MediaFoundation: 216162199b28c13a410421893ffa2e32 -> 
  custom:video-decoder-ogg-theora: a1e56fd34408186e4bbccfd4996cb3dc -> 
  custom:container-muxer-webm: aa71ff27fc2769a1b78a27578f13a17b -> 
  custom:container-demuxer-webm: 4f35f7cbe854078d1ac9338744f61a02 -> 
  custom:container-demuxer-ogg: 62fdf1f143b41e24485cea50d1cbac27 -> 
  custom:video-encoder-webm-vp8: eb34c28f22e8b96e1ab97ce403110664 -> 
  custom:video-codec-MediaFoundation-h265: 746d11721c4dcdbdad8f713fa42b33f4 -> 
  custom:video-decoder-webm-vp8: 9c59270c3fd7afecdb556c50c9e8de78 -> 
  custom:audio-decoder-ogg-vorbis: bf7c407c2cedff20999df2af8eb42d56 -> 
  custom:audio-encoder-webm-vorbis: bf7c407c2cedff20999df2af8eb42d56 -> 
AssetImportWorkerClient::OnTransportError - code=2 error=End of file
